Using pre-set license
Built from '2022.3/staging' branch; Version is '2022.3.13f1 (5f90a5ebde0f) revision 6262949'; Using compiler version '192829333'; Build Type 'Release'
OS: 'Windows 11  (10.0.22621) 64bit Core' Language: 'ja' Physical Memory: 32614 MB
BatchMode: 1, IsHumanControllingUs: 0, StartBugReporterOnCrash: 0, Is64bit: 1, IsPro: 1

COMMAND LINE ARGUMENTS:
C:\Program Files\Unity\Hub\Editor\2022.3.13f1\Editor\Unity.exe
-adb2
-batchMode
-noUpm
-name
AssetImportWorker1
-projectPath
E:/Unity/Projects/My project
-logFile
Logs/AssetImportWorker1.log
-srvPort
57934
Successfully changed project path to: E:/Unity/Projects/My project
E:/Unity/Projects/My project
[UnityMemory] Configuration Parameters - Can be set up in boot.config
    "memorysetup-bucket-allocator-granularity=16"
    "memorysetup-bucket-allocator-bucket-count=8"
    "memorysetup-bucket-allocator-block-size=33554432"
    "memorysetup-bucket-allocator-block-count=8"
    "memorysetup-main-allocator-block-size=16777216"
    "memorysetup-thread-allocator-block-size=16777216"
    "memorysetup-gfx-main-allocator-block-size=16777216"
    "memorysetup-gfx-thread-allocator-block-size=16777216"
    "memorysetup-cache-allocator-block-size=4194304"
    "memorysetup-typetree-allocator-block-size=2097152"
    "memorysetup-profiler-bucket-allocator-granularity=16"
    "memorysetup-profiler-bucket-allocator-bucket-count=8"
    "memorysetup-profiler-bucket-allocator-block-size=33554432"
    "memorysetup-profiler-bucket-allocator-block-count=8"
    "memorysetup-profiler-allocator-block-size=16777216"
    "memorysetup-profiler-editor-allocator-block-size=1048576"
    "memorysetup-temp-allocator-size-main=16777216"
    "memorysetup-job-temp-allocator-block-size=2097152"
    "memorysetup-job-temp-allocator-block-size-background=1048576"
    "memorysetup-job-temp-allocator-reduction-small-platforms=262144"
    "memorysetup-allocator-temp-initial-block-size-main=262144"
    "memorysetup-allocator-temp-initial-block-size-worker=262144"
    "memorysetup-temp-allocator-size-background-worker=32768"
    "memorysetup-temp-allocator-size-job-worker=262144"
    "memorysetup-temp-allocator-size-preload-manager=33554432"
    "memorysetup-temp-allocator-size-nav-mesh-worker=65536"
    "memorysetup-temp-allocator-size-audio-worker=65536"
    "memorysetup-temp-allocator-size-cloud-worker=32768"
    "memorysetup-temp-allocator-size-gi-baking-worker=262144"
    "memorysetup-temp-allocator-size-gfx=262144"
Player connection [3912] Host "[IP] 192.168.0.17 [Port] 0 [Flags] 2 [Guid] 1460078505 [EditorId] 1460078505 [Version] 1048832 [Id] WindowsEditor(7,Desktop4070ti) [Debug] 1 [PackageName] WindowsEditor [ProjectName] Editor" joined multi-casting on [225.0.0.222:54997]...

Player connection [3912] Host "[IP] 192.168.0.17 [Port] 0 [Flags] 2 [Guid] 1460078505 [EditorId] 1460078505 [Version] 1048832 [Id] WindowsEditor(7,Desktop4070ti) [Debug] 1 [PackageName] WindowsEditor [ProjectName] Editor" joined alternative multi-casting on [225.0.0.222:34997]...

[Physics::Module] Initialized MultithreadedJobDispatcher with 23 workers.
Refreshing native plugins compatible for Editor in 6.29 ms, found 3 plugins.
Preloading 0 native plugins for Editor in 0.00 ms.
Initialize engine version: 2022.3.13f1 (5f90a5ebde0f)
[Subsystems] Discovering subsystems at path C:/Program Files/Unity/Hub/Editor/2022.3.13f1/Editor/Data/Resources/UnitySubsystems
[Subsystems] Discovering subsystems at path E:/Unity/Projects/My project/Assets
GfxDevice: creating device client; threaded=0; jobified=0
Direct3D:
    Version:  Direct3D 11.0 [level 11.1]
    Renderer: NVIDIA GeForce RTX 4070 Ti (ID=0x2782)
    Vendor:   NVIDIA
    VRAM:     12010 MB
    Driver:   31.0.15.3742
Initialize mono
Mono path[0] = 'C:/Program Files/Unity/Hub/Editor/2022.3.13f1/Editor/Data/Managed'
Mono path[1] = 'C:/Program Files/Unity/Hub/Editor/2022.3.13f1/Editor/Data/MonoBleedingEdge/lib/mono/unityjit-win32'
Mono config path = 'C:/Program Files/Unity/Hub/Editor/2022.3.13f1/Editor/Data/MonoBleedingEdge/etc'
Using monoOptions --debugger-agent=transport=dt_socket,embedding=1,server=y,suspend=n,address=127.0.0.1:56400
Begin MonoManager ReloadAssembly
Registering precompiled unity dll's ...
Register platform support module: C:/Program Files/Unity/Hub/Editor/2022.3.13f1/Editor/Data/PlaybackEngines/WebGLSupport/UnityEditor.WebGL.Extensions.dll
Register platform support module: C:/Program Files/Unity/Hub/Editor/2022.3.13f1/Editor/Data/PlaybackEngines/WindowsStandaloneSupport/UnityEditor.WindowsStandalone.Extensions.dll
Registered in 0.007450 seconds.
- Loaded All Assemblies, in  0.240 seconds
Native extension for WindowsStandalone target not found
Native extension for WebGL target not found
Mono: successfully reloaded assembly
- Finished resetting the current domain, in  0.153 seconds
Domain Reload Profiling: 392ms
	BeginReloadAssembly (83ms)
		ExecutionOrderSort (0ms)
		DisableScriptedObjects (0ms)
		BackupInstance (0ms)
		ReleaseScriptingObjects (0ms)
		CreateAndSetChildDomain (0ms)
	RebuildCommonClasses (22ms)
	RebuildNativeTypeToScriptingClass (6ms)
	initialDomainReloadingComplete (39ms)
	LoadAllAssembliesAndSetupDomain (89ms)
		LoadAssemblies (82ms)
		RebuildTransferFunctionScriptingTraits (0ms)
		AnalyzeDomain (87ms)
			TypeCache.Refresh (86ms)
				TypeCache.ScanAssembly (77ms)
			ScanForSourceGeneratedMonoScriptInfo (0ms)
			ResolveRequiredComponents (0ms)
	FinalizeReload (154ms)
		ReleaseScriptCaches (0ms)
		RebuildScriptCaches (0ms)
		SetupLoadedEditorAssemblies (118ms)
			LogAssemblyErrors (0ms)
			InitializePlatformSupportModulesInManaged (7ms)
			SetLoadedEditorAssemblies (3ms)
			RefreshPlugins (0ms)
			BeforeProcessingInitializeOnLoad (1ms)
			ProcessInitializeOnLoadAttributes (78ms)
			ProcessInitializeOnLoadMethodAttributes (29ms)
			AfterProcessingInitializeOnLoad (0ms)
			EditorAssembliesLoaded (0ms)
		ExecutionOrderSort2 (0ms)
		AwakeInstancesAfterBackupRestoration (0ms)
========================================================================
Worker process is ready to serve import requests
Begin MonoManager ReloadAssembly
- Loaded All Assemblies, in  0.484 seconds
Refreshing native plugins compatible for Editor in 3.49 ms, found 3 plugins.
Native extension for WindowsStandalone target not found
Native extension for WebGL target not found
Package Manager log level set to [2]
[Package Manager] Server::EnsureServerProcessIsRunning -- launch failed, reason: Unity was launched with the -noUpm command-line argument
[Package Manager] UpmClient::Send -- Unable to send message (not connected to UPM process).
[Package Manager] Cannot connect to Unity Package Manager local server
Mono: successfully reloaded assembly
- Finished resetting the current domain, in  0.336 seconds
Domain Reload Profiling: 817ms
	BeginReloadAssembly (104ms)
		ExecutionOrderSort (0ms)
		DisableScriptedObjects (3ms)
		BackupInstance (0ms)
		ReleaseScriptingObjects (0ms)
		CreateAndSetChildDomain (12ms)
	RebuildCommonClasses (21ms)
	RebuildNativeTypeToScriptingClass (6ms)
	initialDomainReloadingComplete (29ms)
	LoadAllAssembliesAndSetupDomain (320ms)
		LoadAssemblies (282ms)
		RebuildTransferFunctionScriptingTraits (0ms)
		AnalyzeDomain (108ms)
			TypeCache.Refresh (96ms)
				TypeCache.ScanAssembly (85ms)
			ScanForSourceGeneratedMonoScriptInfo (9ms)
			ResolveRequiredComponents (2ms)
	FinalizeReload (336ms)
		ReleaseScriptCaches (0ms)
		RebuildScriptCaches (0ms)
		SetupLoadedEditorAssemblies (252ms)
			LogAssemblyErrors (0ms)
			InitializePlatformSupportModulesInManaged (5ms)
			SetLoadedEditorAssemblies (2ms)
			RefreshPlugins (0ms)
			BeforeProcessingInitializeOnLoad (49ms)
			ProcessInitializeOnLoadAttributes (178ms)
			ProcessInitializeOnLoadMethodAttributes (12ms)
			AfterProcessingInitializeOnLoad (5ms)
			EditorAssembliesLoaded (0ms)
		ExecutionOrderSort2 (0ms)
		AwakeInstancesAfterBackupRestoration (4ms)
Launched and connected shader compiler UnityShaderCompiler.exe after 0.04 seconds
Refreshing native plugins compatible for Editor in 3.72 ms, found 3 plugins.
Preloading 0 native plugins for Editor in 0.00 ms.
Unloading 3109 Unused Serialized files (Serialized files now loaded: 0)
Unloading 32 unused Assets / (56.8 KB). Loaded Objects now: 3570.
Memory consumption went from 123.5 MB to 123.4 MB.
Total: 2.060500 ms (FindLiveObjects: 0.152300 ms CreateObjectMapping: 0.053900 ms MarkObjects: 1.775600 ms  DeleteObjects: 0.077500 ms)

AssetImportParameters requested are different than current active one (requested -> active):
  custom:container-demuxer-ogg: 62fdf1f143b41e24485cea50d1cbac27 -> 
  custom:video-codec-MediaFoundation-h265: 746d11721c4dcdbdad8f713fa42b33f4 -> 
  custom:video-decoder-ogg-theora: a1e56fd34408186e4bbccfd4996cb3dc -> 
  custom:framework-win-MediaFoundation: 216162199b28c13a410421893ffa2e32 -> 
  custom:CustomObjectIndexerAttribute: 756ad292c208cfabdd7b50bc23989ffe -> 
  custom:container-demuxer-webm: 4f35f7cbe854078d1ac9338744f61a02 -> 
  custom:container-muxer-webm: aa71ff27fc2769a1b78a27578f13a17b -> 
  custom:video-decoder-webm-vp8: 9c59270c3fd7afecdb556c50c9e8de78 -> 
  custom:SearchIndexIgnoredProperties: e643bd26f0fe6173181afceb89e7c659 -> 
  custom:AudioImporter_EditorPlatform: d09bf68614088b80899f8185d706f6e7 -> 
  custom:video-encoder-webm-vp8: eb34c28f22e8b96e1ab97ce403110664 -> 
  custom:audio-decoder-ogg-vorbis: bf7c407c2cedff20999df2af8eb42d56 -> 
  custom:audio-encoder-webm-vorbis: bf7c407c2cedff20999df2af8eb42d56 -> 
========================================================================
Received Import Request.
  Time since last request: 13656.917955 seconds.
  path: Assets/_DungeonRPG/Featrue/DataManager
  artifactKey: Guid(977ccfcf1b230b047a9c315a8471f7aa) Importer(815301076,1909f56bfc062723c751e8b465ee728b)
Start importing Assets/_DungeonRPG/Featrue/DataManager using Guid(977ccfcf1b230b047a9c315a8471f7aa) Importer(815301076,1909f56bfc062723c751e8b465ee728b)  -> (artifact id: '614693e1faf7b256406674ab1e233097') in 0.001788 seconds
Number of updated asset objects reloaded before import = 0
Number of asset objects unloaded after import = 0
========================================================================
Received Import Request.
  Time since last request: 0.000018 seconds.
  path: Assets/_DungeonRPG/Featrue/DataManager/DataManager.unity
  artifactKey: Guid(f6f4087d8cde0514489521aa6bb01ce0) Importer(815301076,1909f56bfc062723c751e8b465ee728b)
Start importing Assets/_DungeonRPG/Featrue/DataManager/DataManager.unity using Guid(f6f4087d8cde0514489521aa6bb01ce0) Importer(815301076,1909f56bfc062723c751e8b465ee728b)  -> (artifact id: '1febca7e8acce88477ffc14f6a9a8ad5') in 0.000252 seconds
Number of updated asset objects reloaded before import = 0
Number of asset objects unloaded after import = 0
========================================================================
Received Import Request.
  Time since last request: 0.000043 seconds.
  path: Assets/_DungeonRPG/Featrue
  artifactKey: Guid(99b9e72a672c0bb4298dd3a4490a050c) Importer(815301076,1909f56bfc062723c751e8b465ee728b)
Start importing Assets/_DungeonRPG/Featrue using Guid(99b9e72a672c0bb4298dd3a4490a050c) Importer(815301076,1909f56bfc062723c751e8b465ee728b)  -> (artifact id: '016f3508680520c8192e102a59cd2317') in 0.000198 seconds
Number of updated asset objects reloaded before import = 0
Number of asset objects unloaded after import = 0
========================================================================
Received Prepare
Begin MonoManager ReloadAssembly
- Loaded All Assemblies, in  0.499 seconds
Refreshing native plugins compatible for Editor in 25.11 ms, found 3 plugins.
Native extension for WindowsStandalone target not found
Native extension for WebGL target not found
[Package Manager] Server::EnsureServerProcessIsRunning -- launch failed, reason: Unity was launched with the -noUpm command-line argument
[Package Manager] UpmClient::Send -- Unable to send message (not connected to UPM process).
[Package Manager] Cannot connect to Unity Package Manager local server
Mono: successfully reloaded assembly
- Finished resetting the current domain, in  0.844 seconds
Domain Reload Profiling: 1336ms
	BeginReloadAssembly (131ms)
		ExecutionOrderSort (0ms)
		DisableScriptedObjects (3ms)
		BackupInstance (0ms)
		ReleaseScriptingObjects (0ms)
		CreateAndSetChildDomain (19ms)
	RebuildCommonClasses (26ms)
	RebuildNativeTypeToScriptingClass (6ms)
	initialDomainReloadingComplete (24ms)
	LoadAllAssembliesAndSetupDomain (304ms)
		LoadAssemblies (378ms)
		RebuildTransferFunctionScriptingTraits (0ms)
		AnalyzeDomain (8ms)
			TypeCache.Refresh (5ms)
				TypeCache.ScanAssembly (0ms)
			ScanForSourceGeneratedMonoScriptInfo (0ms)
			ResolveRequiredComponents (2ms)
	FinalizeReload (845ms)
		ReleaseScriptCaches (0ms)
		RebuildScriptCaches (0ms)
		SetupLoadedEditorAssemblies (240ms)
			LogAssemblyErrors (0ms)
			InitializePlatformSupportModulesInManaged (5ms)
			SetLoadedEditorAssemblies (2ms)
			RefreshPlugins (0ms)
			BeforeProcessingInitializeOnLoad (50ms)
			ProcessInitializeOnLoadAttributes (166ms)
			ProcessInitializeOnLoadMethodAttributes (13ms)
			AfterProcessingInitializeOnLoad (5ms)
			EditorAssembliesLoaded (0ms)
		ExecutionOrderSort2 (0ms)
		AwakeInstancesAfterBackupRestoration (5ms)
Refreshing native plugins compatible for Editor in 3.25 ms, found 3 plugins.
Preloading 0 native plugins for Editor in 0.00 ms.
Unloading 3100 Unused Serialized files (Serialized files now loaded: 0)
Unloading 23 unused Assets / (31.0 KB). Loaded Objects now: 3573.
Memory consumption went from 124.0 MB to 124.0 MB.
Total: 1.676300 ms (FindLiveObjects: 0.129100 ms CreateObjectMapping: 0.046500 ms MarkObjects: 1.468900 ms  DeleteObjects: 0.031300 ms)

Prepare: number of updated asset objects reloaded= 0
AssetImportParameters requested are different than current active one (requested -> active):
  custom:container-demuxer-ogg: 62fdf1f143b41e24485cea50d1cbac27 -> 
  custom:video-codec-MediaFoundation-h265: 746d11721c4dcdbdad8f713fa42b33f4 -> 
  custom:video-decoder-ogg-theora: a1e56fd34408186e4bbccfd4996cb3dc -> 
  custom:framework-win-MediaFoundation: 216162199b28c13a410421893ffa2e32 -> 
  custom:CustomObjectIndexerAttribute: 756ad292c208cfabdd7b50bc23989ffe -> 
  custom:container-demuxer-webm: 4f35f7cbe854078d1ac9338744f61a02 -> 
  custom:container-muxer-webm: aa71ff27fc2769a1b78a27578f13a17b -> 
  custom:video-decoder-webm-vp8: 9c59270c3fd7afecdb556c50c9e8de78 -> 
  custom:SearchIndexIgnoredProperties: e643bd26f0fe6173181afceb89e7c659 -> 
  custom:AudioImporter_EditorPlatform: d09bf68614088b80899f8185d706f6e7 -> 
  custom:video-encoder-webm-vp8: eb34c28f22e8b96e1ab97ce403110664 -> 
  custom:audio-decoder-ogg-vorbis: bf7c407c2cedff20999df2af8eb42d56 -> 
  custom:audio-encoder-webm-vorbis: bf7c407c2cedff20999df2af8eb42d56 -> 
========================================================================
Received Import Request.
  Time since last request: 14.740162 seconds.
  path: Assets/Fonts/DotGothic16-Regular.ttf
  artifactKey: Guid(fc027d8085996e142bf8c75d0228207f) Importer(2089858483,0ecaa5967403d082aa24f35e1b516d23)
Start importing Assets/Fonts/DotGothic16-Regular.ttf using Guid(fc027d8085996e142bf8c75d0228207f) Importer(2089858483,0ecaa5967403d082aa24f35e1b516d23) Generated GUIDs only implemented for interfaces!
 -> (artifact id: '21b870fa8db111d77dc5512ea2d8c7e1') in 0.097813 seconds
Number of updated asset objects reloaded before import = 0
Number of asset objects unloaded after import = 3
========================================================================
Received Import Request.
  Time since last request: 0.000012 seconds.
  path: Assets/_DungeonRPG/Scripts/Menu/SimpleCharacterStatusPanel.cs
  artifactKey: Guid(01859703d46f63a48870fe58da0a37f6) Importer(2089858483,0ecaa5967403d082aa24f35e1b516d23)
Start importing Assets/_DungeonRPG/Scripts/Menu/SimpleCharacterStatusPanel.cs using Guid(01859703d46f63a48870fe58da0a37f6) Importer(2089858483,0ecaa5967403d082aa24f35e1b516d23) Generated GUIDs only implemented for interfaces!
 -> (artifact id: '0d4de2b1e7f58bfc1723f7fb64baf78e') in 0.174495 seconds
Number of updated asset objects reloaded before import = 0
Number of asset objects unloaded after import = 1
========================================================================
Received Import Request.
  Time since last request: 0.000015 seconds.
  path: Assets/_DungeonRPG/Prefabs/UI/Menu/UseItemButton.prefab
  artifactKey: Guid(cf7331222db4aff43ba9dc63b7277070) Importer(2089858483,0ecaa5967403d082aa24f35e1b516d23)
Start importing Assets/_DungeonRPG/Prefabs/UI/Menu/UseItemButton.prefab using Guid(cf7331222db4aff43ba9dc63b7277070) Importer(2089858483,0ecaa5967403d082aa24f35e1b516d23) Generated GUIDs only implemented for interfaces!
 -> (artifact id: '5e763161a53fccd2500037c812135218') in 0.038016 seconds
Number of updated asset objects reloaded before import = 0
Number of asset objects unloaded after import = 17
========================================================================
Received Import Request.
  Time since last request: 0.000028 seconds.
  path: Assets/_DungeonRPG/Scripts/Status/AllyStatus.cs
  artifactKey: Guid(32a55be4c4bf7124ea392a6c882603c1) Importer(2089858483,0ecaa5967403d082aa24f35e1b516d23)
Start importing Assets/_DungeonRPG/Scripts/Status/AllyStatus.cs using Guid(32a55be4c4bf7124ea392a6c882603c1) Importer(2089858483,0ecaa5967403d082aa24f35e1b516d23) Generated GUIDs only implemented for interfaces!
 -> (artifact id: '126db14dcb2bb8cf0cfc6ab23aeb7c8d') in 0.007399 seconds
Number of updated asset objects reloaded before import = 0
Number of asset objects unloaded after import = 1
========================================================================
Received Import Request.
  Time since last request: 0.000046 seconds.
  path: Assets/_DungeonRPG/Scripts/Menu/ScrollUpButton.cs
  artifactKey: Guid(f9183b9c9b9e1e34bb2997a176007be6) Importer(2089858483,0ecaa5967403d082aa24f35e1b516d23)
Start importing Assets/_DungeonRPG/Scripts/Menu/ScrollUpButton.cs using Guid(f9183b9c9b9e1e34bb2997a176007be6) Importer(2089858483,0ecaa5967403d082aa24f35e1b516d23) Generated GUIDs only implemented for interfaces!
 -> (artifact id: '70c596aaa9bf5ccaefa494f30ae59eed') in 0.007726 seconds
Number of updated asset objects reloaded before import = 0
Number of asset objects unloaded after import = 1
========================================================================
Received Import Request.
  Time since last request: 0.000020 seconds.
  path: Assets/_DungeonRPG/Scripts/Status/EnemyStatus.cs
  artifactKey: Guid(36a30d0991534564a98b7eda32c149af) Importer(2089858483,0ecaa5967403d082aa24f35e1b516d23)
Start importing Assets/_DungeonRPG/Scripts/Status/EnemyStatus.cs using Guid(36a30d0991534564a98b7eda32c149af) Importer(2089858483,0ecaa5967403d082aa24f35e1b516d23) Generated GUIDs only implemented for interfaces!
 -> (artifact id: '777c5a2e11a3fcc30343633e47fa91b7') in 0.006987 seconds
Number of updated asset objects reloaded before import = 0
Number of asset objects unloaded after import = 1
========================================================================
Received Import Request.
  Time since last request: 0.000041 seconds.
  path: Assets/_DungeonRPG/Scripts/Status/CharacterStatus.cs
  artifactKey: Guid(38e623d090f0eda4bb30929d85e2fc07) Importer(2089858483,0ecaa5967403d082aa24f35e1b516d23)
Start importing Assets/_DungeonRPG/Scripts/Status/CharacterStatus.cs using Guid(38e623d090f0eda4bb30929d85e2fc07) Importer(2089858483,0ecaa5967403d082aa24f35e1b516d23) Generated GUIDs only implemented for interfaces!
 -> (artifact id: '7d96266cec7caaf1e64ecc8fc03e6b13') in 0.007233 seconds
Number of updated asset objects reloaded before import = 0
Number of asset objects unloaded after import = 1
========================================================================
Received Import Request.
  Time since last request: 0.000035 seconds.
  path: Assets/_DungeonRPG/Data/Status/Ally/PartyStatus.asset
  artifactKey: Guid(a6786e2eed4d2dc449ab4e11de880445) Importer(2089858483,0ecaa5967403d082aa24f35e1b516d23)
Start importing Assets/_DungeonRPG/Data/Status/Ally/PartyStatus.asset using Guid(a6786e2eed4d2dc449ab4e11de880445) Importer(2089858483,0ecaa5967403d082aa24f35e1b516d23) Generated GUIDs only implemented for interfaces!
 -> (artifact id: 'b104d2e1627ad2f6046c14539aee15d4') in 0.018516 seconds
Number of updated asset objects reloaded before import = 0
Number of asset objects unloaded after import = 24
========================================================================
Received Import Request.
  Time since last request: 0.000020 seconds.
  path: Assets/_DungeonRPG/Data/ItemData/Recovery/HpPotionM.asset
  artifactKey: Guid(642b60c1ddc431642abdf55a0ff1e282) Importer(2089858483,0ecaa5967403d082aa24f35e1b516d23)
Start importing Assets/_DungeonRPG/Data/ItemData/Recovery/HpPotionM.asset using Guid(642b60c1ddc431642abdf55a0ff1e282) Importer(2089858483,0ecaa5967403d082aa24f35e1b516d23) Generated GUIDs only implemented for interfaces!
 -> (artifact id: 'bb024a60a777f380dfd394212cdfa2e7') in 0.008510 seconds
Number of updated asset objects reloaded before import = 0
Number of asset objects unloaded after import = 1
========================================================================
Received Import Request.
  Time since last request: 0.000056 seconds.
  path: Assets/_DungeonRPG/Data/ItemData/Weapon/Spear1 4.asset
  artifactKey: Guid(9983c6c225e637c458aa1f93b60afc1e) Importer(2089858483,0ecaa5967403d082aa24f35e1b516d23)
Start importing Assets/_DungeonRPG/Data/ItemData/Weapon/Spear1 4.asset using Guid(9983c6c225e637c458aa1f93b60afc1e) Importer(2089858483,0ecaa5967403d082aa24f35e1b516d23) Generated GUIDs only implemented for interfaces!
 -> (artifact id: '46a1d510bf0a915273fa198d091e0931') in 0.008160 seconds
Number of updated asset objects reloaded before import = 0
Number of asset objects unloaded after import = 1
========================================================================
Received Import Request.
  Time since last request: 0.000033 seconds.
  path: Assets/_DungeonRPG/Scripts/Dungeon/PlayerController.cs
  artifactKey: Guid(eecd50f3b75323249aeb3fcced66f09c) Importer(2089858483,0ecaa5967403d082aa24f35e1b516d23)
Start importing Assets/_DungeonRPG/Scripts/Dungeon/PlayerController.cs using Guid(eecd50f3b75323249aeb3fcced66f09c) Importer(2089858483,0ecaa5967403d082aa24f35e1b516d23) Generated GUIDs only implemented for interfaces!
 -> (artifact id: '740daf3a19a7e654817627f870f8fada') in 0.021857 seconds
Number of updated asset objects reloaded before import = 0
Number of asset objects unloaded after import = 1
========================================================================
Received Import Request.
  Time since last request: 0.000033 seconds.
  path: Assets/_DungeonRPG/Data/ItemData/Weapon/Sword1 2.asset
  artifactKey: Guid(4e8511ecfd9196e4c8b5542c11a179ad) Importer(2089858483,0ecaa5967403d082aa24f35e1b516d23)
Start importing Assets/_DungeonRPG/Data/ItemData/Weapon/Sword1 2.asset using Guid(4e8511ecfd9196e4c8b5542c11a179ad) Importer(2089858483,0ecaa5967403d082aa24f35e1b516d23) Generated GUIDs only implemented for interfaces!
 -> (artifact id: 'd005c9f23dd610ba426ac3af404edaf3') in 0.007663 seconds
Number of updated asset objects reloaded before import = 0
Number of asset objects unloaded after import = 1
========================================================================
Received Import Request.
  Time since last request: 0.000015 seconds.
  path: Assets/_DungeonRPG/Data/ItemData/Weapon/Spear1 2.asset
  artifactKey: Guid(7f80ae0e77b80af42a57a4c377dc160a) Importer(2089858483,0ecaa5967403d082aa24f35e1b516d23)
Start importing Assets/_DungeonRPG/Data/ItemData/Weapon/Spear1 2.asset using Guid(7f80ae0e77b80af42a57a4c377dc160a) Importer(2089858483,0ecaa5967403d082aa24f35e1b516d23) Generated GUIDs only implemented for interfaces!
 -> (artifact id: '3d301e16fe2264b00615cfa8d07927e8') in 0.008019 seconds
Number of updated asset objects reloaded before import = 0
Number of asset objects unloaded after import = 1
========================================================================
Received Import Request.
  Time since last request: 0.000020 seconds.
  path: Assets/_DungeonRPG/Scripts/Menu/PlayerMenuCommand.cs
  artifactKey: Guid(b9a6f863b523b494da570c2264e38173) Importer(2089858483,0ecaa5967403d082aa24f35e1b516d23)
Start importing Assets/_DungeonRPG/Scripts/Menu/PlayerMenuCommand.cs using Guid(b9a6f863b523b494da570c2264e38173) Importer(2089858483,0ecaa5967403d082aa24f35e1b516d23) Generated GUIDs only implemented for interfaces!
 -> (artifact id: '3f3fe151913eceac80ebae40a61f7fa5') in 0.008081 seconds
Number of updated asset objects reloaded before import = 0
Number of asset objects unloaded after import = 1
========================================================================
Received Import Request.
  Time since last request: 0.000047 seconds.
  path: Assets/_DungeonRPG/Data/ItemData/Recovery/HpPotionLL.asset
  artifactKey: Guid(def4b6758c86b7543b60db4a80b616cb) Importer(2089858483,0ecaa5967403d082aa24f35e1b516d23)
Start importing Assets/_DungeonRPG/Data/ItemData/Recovery/HpPotionLL.asset using Guid(def4b6758c86b7543b60db4a80b616cb) Importer(2089858483,0ecaa5967403d082aa24f35e1b516d23) Generated GUIDs only implemented for interfaces!
 -> (artifact id: 'f8fd98c16a4093f30133fdbc5cb381c3') in 0.008917 seconds
Number of updated asset objects reloaded before import = 0
Number of asset objects unloaded after import = 1
========================================================================
Received Import Request.
  Time since last request: 0.000021 seconds.
  path: Assets/_DungeonRPG/Data/ItemData/Weapon/Spear1 3.asset
  artifactKey: Guid(945c30c0d1dc6884d8a0cc6865ca37bc) Importer(2089858483,0ecaa5967403d082aa24f35e1b516d23)
Start importing Assets/_DungeonRPG/Data/ItemData/Weapon/Spear1 3.asset using Guid(945c30c0d1dc6884d8a0cc6865ca37bc) Importer(2089858483,0ecaa5967403d082aa24f35e1b516d23) Generated GUIDs only implemented for interfaces!
 -> (artifact id: '67f1c6e2026fa2b05c10d59ffbfa8478') in 0.007465 seconds
Number of updated asset objects reloaded before import = 0
Number of asset objects unloaded after import = 1
========================================================================
Received Import Request.
  Time since last request: 0.000018 seconds.
  path: Assets/_DungeonRPG/Data/ItemData/Weapon/Sword1.asset
  artifactKey: Guid(143edc6a653d93d4184773857be27002) Importer(2089858483,0ecaa5967403d082aa24f35e1b516d23)
Start importing Assets/_DungeonRPG/Data/ItemData/Weapon/Sword1.asset using Guid(143edc6a653d93d4184773857be27002) Importer(2089858483,0ecaa5967403d082aa24f35e1b516d23) Generated GUIDs only implemented for interfaces!
 -> (artifact id: 'd5072fde24c7b5e7f821dccd99579b1e') in 0.008560 seconds
Number of updated asset objects reloaded before import = 0
Number of asset objects unloaded after import = 1
========================================================================
Received Import Request.
  Time since last request: 0.000062 seconds.
  path: Assets/_DungeonRPG/Data/Status/Ally/SwordFighter.asset
  artifactKey: Guid(aec8045870a96b740bf1c7195efed0ec) Importer(2089858483,0ecaa5967403d082aa24f35e1b516d23)
Start importing Assets/_DungeonRPG/Data/Status/Ally/SwordFighter.asset using Guid(aec8045870a96b740bf1c7195efed0ec) Importer(2089858483,0ecaa5967403d082aa24f35e1b516d23) Generated GUIDs only implemented for interfaces!
 -> (artifact id: 'd6946b127c3d9e6585d22e1f5fa0d5fb') in 0.009702 seconds
Number of updated asset objects reloaded before import = 0
Number of asset objects unloaded after import = 2
========================================================================
Received Import Request.
  Time since last request: 0.000020 seconds.
  path: Assets/SerializableDictionary/Example/Editor/UserSerializableDictionaryPropertyDrawers.cs
  artifactKey: Guid(3089b6c771301cc44ba23b7f8f469e14) Importer(2089858483,0ecaa5967403d082aa24f35e1b516d23)
Start importing Assets/SerializableDictionary/Example/Editor/UserSerializableDictionaryPropertyDrawers.cs using Guid(3089b6c771301cc44ba23b7f8f469e14) Importer(2089858483,0ecaa5967403d082aa24f35e1b516d23) Generated GUIDs only implemented for interfaces!
 -> (artifact id: '01261a03d04181119960597ac0a7b397') in 0.007450 seconds
Number of updated asset objects reloaded before import = 0
Number of asset objects unloaded after import = 1
========================================================================
Received Import Request.
  Time since last request: 0.000045 seconds.
  path: Assets/_DungeonRPG/Featrue/DataManager/DataManager.unity
  artifactKey: Guid(f6f4087d8cde0514489521aa6bb01ce0) Importer(2089858483,0ecaa5967403d082aa24f35e1b516d23)
Start importing Assets/_DungeonRPG/Featrue/DataManager/DataManager.unity using Guid(f6f4087d8cde0514489521aa6bb01ce0) Importer(2089858483,0ecaa5967403d082aa24f35e1b516d23) Generated GUIDs only implemented for interfaces!
 -> (artifact id: '7ec55d77756a7bff9955daf2592d44a4') in 0.006829 seconds
Number of updated asset objects reloaded before import = 0
Number of asset objects unloaded after import = 1
========================================================================
Received Import Request.
  Time since last request: 0.000239 seconds.
  path: Assets/_DungeonRPG/Data/ItemData/Weapon/Spear1 5.asset
  artifactKey: Guid(1143430e253889f49883241e39cbb3e1) Importer(2089858483,0ecaa5967403d082aa24f35e1b516d23)
Start importing Assets/_DungeonRPG/Data/ItemData/Weapon/Spear1 5.asset using Guid(1143430e253889f49883241e39cbb3e1) Importer(2089858483,0ecaa5967403d082aa24f35e1b516d23) Generated GUIDs only implemented for interfaces!
 -> (artifact id: 'b413a380dbdffe445545483fb210b319') in 0.006598 seconds
Number of updated asset objects reloaded before import = 0
Number of asset objects unloaded after import = 1
========================================================================
Received Import Request.
  Time since last request: 0.000055 seconds.
  path: Assets/_DungeonRPG/Scripts/Item/Item.cs
  artifactKey: Guid(2ded46e6fb742c24ba27cc18e1e07335) Importer(2089858483,0ecaa5967403d082aa24f35e1b516d23)
Start importing Assets/_DungeonRPG/Scripts/Item/Item.cs using Guid(2ded46e6fb742c24ba27cc18e1e07335) Importer(2089858483,0ecaa5967403d082aa24f35e1b516d23) Generated GUIDs only implemented for interfaces!
 -> (artifact id: '117ed1f7d11f1e92a23b69ba17b5e48d') in 0.005739 seconds
Number of updated asset objects reloaded before import = 0
Number of asset objects unloaded after import = 1
========================================================================
Received Import Request.
  Time since last request: 0.000049 seconds.
  path: Assets/_DungeonRPG/Scripts/Menu/ScrollManager.cs
  artifactKey: Guid(157744b72b3ddfc45935d760427cb5d6) Importer(2089858483,0ecaa5967403d082aa24f35e1b516d23)
Start importing Assets/_DungeonRPG/Scripts/Menu/ScrollManager.cs using Guid(157744b72b3ddfc45935d760427cb5d6) Importer(2089858483,0ecaa5967403d082aa24f35e1b516d23) Generated GUIDs only implemented for interfaces!
 -> (artifact id: '115e17986163b8eb812f32e93c40fc03') in 0.006520 seconds
Number of updated asset objects reloaded before import = 0
Number of asset objects unloaded after import = 1
========================================================================
Received Import Request.
  Time since last request: 0.000040 seconds.
  path: Assets/_DungeonRPG/Prefabs/UI/Menu/CharacterButton.prefab
  artifactKey: Guid(6bedc1d0618ad524e9d372eb994451e1) Importer(2089858483,0ecaa5967403d082aa24f35e1b516d23)
Start importing Assets/_DungeonRPG/Prefabs/UI/Menu/CharacterButton.prefab using Guid(6bedc1d0618ad524e9d372eb994451e1) Importer(2089858483,0ecaa5967403d082aa24f35e1b516d23) Generated GUIDs only implemented for interfaces!
 -> (artifact id: '206508c52e826bfa356189d88addef36') in 0.012206 seconds
Number of updated asset objects reloaded before import = 0
Number of asset objects unloaded after import = 17
========================================================================
Received Prepare
Begin MonoManager ReloadAssembly
- Loaded All Assemblies, in  0.515 seconds
Refreshing native plugins compatible for Editor in 3.62 ms, found 3 plugins.
Native extension for WindowsStandalone target not found
Native extension for WebGL target not found
[Package Manager] Server::EnsureServerProcessIsRunning -- launch failed, reason: Unity was launched with the -noUpm command-line argument
[Package Manager] UpmClient::Send -- Unable to send message (not connected to UPM process).
[Package Manager] Cannot connect to Unity Package Manager local server
Mono: successfully reloaded assembly
- Finished resetting the current domain, in  0.777 seconds
Domain Reload Profiling: 1287ms
	BeginReloadAssembly (128ms)
		ExecutionOrderSort (0ms)
		DisableScriptedObjects (3ms)
		BackupInstance (0ms)
		ReleaseScriptingObjects (0ms)
		CreateAndSetChildDomain (27ms)
	RebuildCommonClasses (21ms)
	RebuildNativeTypeToScriptingClass (6ms)
	initialDomainReloadingComplete (22ms)
	LoadAllAssembliesAndSetupDomain (332ms)
		LoadAssemblies (397ms)
		RebuildTransferFunctionScriptingTraits (0ms)
		AnalyzeDomain (10ms)
			TypeCache.Refresh (6ms)
				TypeCache.ScanAssembly (0ms)
			ScanForSourceGeneratedMonoScriptInfo (0ms)
			ResolveRequiredComponents (3ms)
	FinalizeReload (777ms)
		ReleaseScriptCaches (0ms)
		RebuildScriptCaches (0ms)
		SetupLoadedEditorAssemblies (282ms)
			LogAssemblyErrors (0ms)
			InitializePlatformSupportModulesInManaged (6ms)
			SetLoadedEditorAssemblies (3ms)
			RefreshPlugins (0ms)
			BeforeProcessingInitializeOnLoad (69ms)
			ProcessInitializeOnLoadAttributes (182ms)
			ProcessInitializeOnLoadMethodAttributes (15ms)
			AfterProcessingInitializeOnLoad (6ms)
			EditorAssembliesLoaded (0ms)
		ExecutionOrderSort2 (0ms)
		AwakeInstancesAfterBackupRestoration (6ms)
Refreshing native plugins compatible for Editor in 3.85 ms, found 3 plugins.
Preloading 0 native plugins for Editor in 0.00 ms.
Unloading 3100 Unused Serialized files (Serialized files now loaded: 0)
Unloading 25 unused Assets / (32.6 KB). Loaded Objects now: 3579.
Memory consumption went from 126.1 MB to 126.1 MB.
Total: 2.136000 ms (FindLiveObjects: 0.430400 ms CreateObjectMapping: 0.061700 ms MarkObjects: 1.595000 ms  DeleteObjects: 0.047800 ms)

Prepare: number of updated asset objects reloaded= 0
AssetImportParameters requested are different than current active one (requested -> active):
  custom:container-demuxer-ogg: 62fdf1f143b41e24485cea50d1cbac27 -> 
  custom:video-codec-MediaFoundation-h265: 746d11721c4dcdbdad8f713fa42b33f4 -> 
  custom:video-decoder-ogg-theora: a1e56fd34408186e4bbccfd4996cb3dc -> 
  custom:framework-win-MediaFoundation: 216162199b28c13a410421893ffa2e32 -> 
  custom:CustomObjectIndexerAttribute: 756ad292c208cfabdd7b50bc23989ffe -> 
  custom:container-demuxer-webm: 4f35f7cbe854078d1ac9338744f61a02 -> 
  custom:container-muxer-webm: aa71ff27fc2769a1b78a27578f13a17b -> 
  custom:video-decoder-webm-vp8: 9c59270c3fd7afecdb556c50c9e8de78 -> 
  custom:SearchIndexIgnoredProperties: e643bd26f0fe6173181afceb89e7c659 -> 
  custom:AudioImporter_EditorPlatform: d09bf68614088b80899f8185d706f6e7 -> 
  custom:video-encoder-webm-vp8: eb34c28f22e8b96e1ab97ce403110664 -> 
  custom:audio-decoder-ogg-vorbis: bf7c407c2cedff20999df2af8eb42d56 -> 
  custom:audio-encoder-webm-vorbis: bf7c407c2cedff20999df2af8eb42d56 -> 
